<?xml version="1.0" encoding="UTF-8"?>
<testsuite xmlns:xsi="http://www.w3.org/2001/XMLSchema-instance" xsi:noNamespaceSchemaLocation="https://maven.apache.org/surefire/maven-surefire-plugin/xsd/surefire-test-report.xsd" name="TestSuite" time="76.871" tests="1" errors="0" skipped="0" failures="1">
  <properties>
    <property name="sun.desktop" value="windows"/>
    <property name="awt.toolkit" value="sun.awt.windows.WToolkit"/>
    <property name="file.encoding.pkg" value="sun.io"/>
    <property name="java.specification.version" value="1.8"/>
    <property name="sun.cpu.isalist" value="amd64"/>
    <property name="sun.jnu.encoding" value="GBK"/>
    <property name="java.class.path" value="D:\idea-workspace\TestCloud\target\test-classes;D:\idea-workspace\TestCloud\target\classes;D:\develop\ApacheMaven\maven-repository\org\seleniumhq\selenium\selenium-java\3.141.59\selenium-java-3.141.59.jar;D:\develop\ApacheMaven\maven-repository\org\seleniumhq\selenium\selenium-api\3.141.59\selenium-api-3.141.59.jar;D:\develop\ApacheMaven\maven-repository\org\seleniumhq\selenium\selenium-chrome-driver\3.141.59\selenium-chrome-driver-3.141.59.jar;D:\develop\ApacheMaven\maven-repository\org\seleniumhq\selenium\selenium-edge-driver\3.141.59\selenium-edge-driver-3.141.59.jar;D:\develop\ApacheMaven\maven-repository\org\seleniumhq\selenium\selenium-firefox-driver\3.141.59\selenium-firefox-driver-3.141.59.jar;D:\develop\ApacheMaven\maven-repository\org\seleniumhq\selenium\selenium-ie-driver\3.141.59\selenium-ie-driver-3.141.59.jar;D:\develop\ApacheMaven\maven-repository\org\seleniumhq\selenium\selenium-opera-driver\3.141.59\selenium-opera-driver-3.141.59.jar;D:\develop\ApacheMaven\maven-repository\org\seleniumhq\selenium\selenium-remote-driver\3.141.59\selenium-remote-driver-3.141.59.jar;D:\develop\ApacheMaven\maven-repository\org\seleniumhq\selenium\selenium-safari-driver\3.141.59\selenium-safari-driver-3.141.59.jar;D:\develop\ApacheMaven\maven-repository\org\seleniumhq\selenium\selenium-support\3.141.59\selenium-support-3.141.59.jar;D:\develop\ApacheMaven\maven-repository\net\bytebuddy\byte-buddy\1.8.15\byte-buddy-1.8.15.jar;D:\develop\ApacheMaven\maven-repository\org\apache\commons\commons-exec\1.3\commons-exec-1.3.jar;D:\develop\ApacheMaven\maven-repository\com\google\guava\guava\25.0-jre\guava-25.0-jre.jar;D:\develop\ApacheMaven\maven-repository\com\google\code\findbugs\jsr305\1.3.9\jsr305-1.3.9.jar;D:\develop\ApacheMaven\maven-repository\org\checkerframework\checker-compat-qual\2.0.0\checker-compat-qual-2.0.0.jar;D:\develop\ApacheMaven\maven-repository\com\google\errorprone\error_prone_annotations\2.1.3\error_prone_annotations-2.1.3.jar;D:\develop\ApacheMaven\maven-repository\com\google\j2objc\j2objc-annotations\1.1\j2objc-annotations-1.1.jar;D:\develop\ApacheMaven\maven-repository\org\codehaus\mojo\animal-sniffer-annotations\1.14\animal-sniffer-annotations-1.14.jar;D:\develop\ApacheMaven\maven-repository\com\squareup\okhttp3\okhttp\3.11.0\okhttp-3.11.0.jar;D:\develop\ApacheMaven\maven-repository\com\squareup\okio\okio\1.14.0\okio-1.14.0.jar;D:\develop\ApacheMaven\maven-repository\org\testng\testng\6.14.2\testng-6.14.2.jar;D:\develop\ApacheMaven\maven-repository\com\beust\jcommander\1.72\jcommander-1.72.jar;D:\develop\ApacheMaven\maven-repository\org\apache-extras\beanshell\bsh\2.0b6\bsh-2.0b6.jar;D:\develop\ApacheMaven\maven-repository\io\qameta\allure\allure-testng\2.8.1\allure-testng-2.8.1.jar;D:\develop\ApacheMaven\maven-repository\io\qameta\allure\allure-descriptions-javadoc\2.8.1\allure-descriptions-javadoc-2.8.1.jar;D:\develop\ApacheMaven\maven-repository\commons-io\commons-io\2.6\commons-io-2.6.jar;D:\develop\ApacheMaven\maven-repository\io\qameta\allure\allure-java-commons\2.8.1\allure-java-commons-2.8.1.jar;D:\develop\ApacheMaven\maven-repository\io\qameta\allure\allure-model\2.8.1\allure-model-2.8.1.jar;D:\develop\ApacheMaven\maven-repository\com\fasterxml\jackson\core\jackson-databind\2.9.7\jackson-databind-2.9.7.jar;D:\develop\ApacheMaven\maven-repository\com\fasterxml\jackson\core\jackson-annotations\2.9.0\jackson-annotations-2.9.0.jar;D:\develop\ApacheMaven\maven-repository\com\fasterxml\jackson\core\jackson-core\2.9.7\jackson-core-2.9.7.jar;D:\develop\ApacheMaven\maven-repository\org\apache\tika\tika-core\1.19.1\tika-core-1.19.1.jar;D:\develop\ApacheMaven\maven-repository\org\aspectj\aspectjrt\1.9.1\aspectjrt-1.9.1.jar;D:\develop\ApacheMaven\maven-repository\org\jooq\joor-java-8\0.9.9\joor-java-8-0.9.9.jar;D:\develop\ApacheMaven\maven-repository\org\slf4j\slf4j-api\1.7.25\slf4j-api-1.7.25.jar;"/>
    <property name="java.vm.vendor" value="Oracle Corporation"/>
    <property name="sun.arch.data.model" value="64"/>
    <property name="user.variant" value=""/>
    <property name="java.vendor.url" value="http://java.oracle.com/"/>
    <property name="user.timezone" value="Asia/Shanghai"/>
    <property name="java.vm.specification.version" value="1.8"/>
    <property name="os.name" value="Windows 10"/>
    <property name="user.country" value="CN"/>
    <property name="sun.java.launcher" value="SUN_STANDARD"/>
    <property name="sun.boot.library.path" value="C:\Program Files\Java\jdk1.8.0_66\jre\bin"/>
    <property name="sun.java.command" value="C:\Users\T560\AppData\Local\Temp\surefire3224663379481700906\surefirebooter239435083090104064.jar C:\Users\T560\AppData\Local\Temp\surefire3224663379481700906 2019-08-21T15-09-12_647-jvmRun1 surefire967298910076658640tmp surefire_06882105378613333753tmp"/>
    <property name="surefire.test.class.path" value="D:\idea-workspace\TestCloud\target\test-classes;D:\idea-workspace\TestCloud\target\classes;D:\develop\ApacheMaven\maven-repository\org\seleniumhq\selenium\selenium-java\3.141.59\selenium-java-3.141.59.jar;D:\develop\ApacheMaven\maven-repository\org\seleniumhq\selenium\selenium-api\3.141.59\selenium-api-3.141.59.jar;D:\develop\ApacheMaven\maven-repository\org\seleniumhq\selenium\selenium-chrome-driver\3.141.59\selenium-chrome-driver-3.141.59.jar;D:\develop\ApacheMaven\maven-repository\org\seleniumhq\selenium\selenium-edge-driver\3.141.59\selenium-edge-driver-3.141.59.jar;D:\develop\ApacheMaven\maven-repository\org\seleniumhq\selenium\selenium-firefox-driver\3.141.59\selenium-firefox-driver-3.141.59.jar;D:\develop\ApacheMaven\maven-repository\org\seleniumhq\selenium\selenium-ie-driver\3.141.59\selenium-ie-driver-3.141.59.jar;D:\develop\ApacheMaven\maven-repository\org\seleniumhq\selenium\selenium-opera-driver\3.141.59\selenium-opera-driver-3.141.59.jar;D:\develop\ApacheMaven\maven-repository\org\seleniumhq\selenium\selenium-remote-driver\3.141.59\selenium-remote-driver-3.141.59.jar;D:\develop\ApacheMaven\maven-repository\org\seleniumhq\selenium\selenium-safari-driver\3.141.59\selenium-safari-driver-3.141.59.jar;D:\develop\ApacheMaven\maven-repository\org\seleniumhq\selenium\selenium-support\3.141.59\selenium-support-3.141.59.jar;D:\develop\ApacheMaven\maven-repository\net\bytebuddy\byte-buddy\1.8.15\byte-buddy-1.8.15.jar;D:\develop\ApacheMaven\maven-repository\org\apache\commons\commons-exec\1.3\commons-exec-1.3.jar;D:\develop\ApacheMaven\maven-repository\com\google\guava\guava\25.0-jre\guava-25.0-jre.jar;D:\develop\ApacheMaven\maven-repository\com\google\code\findbugs\jsr305\1.3.9\jsr305-1.3.9.jar;D:\develop\ApacheMaven\maven-repository\org\checkerframework\checker-compat-qual\2.0.0\checker-compat-qual-2.0.0.jar;D:\develop\ApacheMaven\maven-repository\com\google\errorprone\error_prone_annotations\2.1.3\error_prone_annotations-2.1.3.jar;D:\develop\ApacheMaven\maven-repository\com\google\j2objc\j2objc-annotations\1.1\j2objc-annotations-1.1.jar;D:\develop\ApacheMaven\maven-repository\org\codehaus\mojo\animal-sniffer-annotations\1.14\animal-sniffer-annotations-1.14.jar;D:\develop\ApacheMaven\maven-repository\com\squareup\okhttp3\okhttp\3.11.0\okhttp-3.11.0.jar;D:\develop\ApacheMaven\maven-repository\com\squareup\okio\okio\1.14.0\okio-1.14.0.jar;D:\develop\ApacheMaven\maven-repository\org\testng\testng\6.14.2\testng-6.14.2.jar;D:\develop\ApacheMaven\maven-repository\com\beust\jcommander\1.72\jcommander-1.72.jar;D:\develop\ApacheMaven\maven-repository\org\apache-extras\beanshell\bsh\2.0b6\bsh-2.0b6.jar;D:\develop\ApacheMaven\maven-repository\io\qameta\allure\allure-testng\2.8.1\allure-testng-2.8.1.jar;D:\develop\ApacheMaven\maven-repository\io\qameta\allure\allure-descriptions-javadoc\2.8.1\allure-descriptions-javadoc-2.8.1.jar;D:\develop\ApacheMaven\maven-repository\commons-io\commons-io\2.6\commons-io-2.6.jar;D:\develop\ApacheMaven\maven-repository\io\qameta\allure\allure-java-commons\2.8.1\allure-java-commons-2.8.1.jar;D:\develop\ApacheMaven\maven-repository\io\qameta\allure\allure-model\2.8.1\allure-model-2.8.1.jar;D:\develop\ApacheMaven\maven-repository\com\fasterxml\jackson\core\jackson-databind\2.9.7\jackson-databind-2.9.7.jar;D:\develop\ApacheMaven\maven-repository\com\fasterxml\jackson\core\jackson-annotations\2.9.0\jackson-annotations-2.9.0.jar;D:\develop\ApacheMaven\maven-repository\com\fasterxml\jackson\core\jackson-core\2.9.7\jackson-core-2.9.7.jar;D:\develop\ApacheMaven\maven-repository\org\apache\tika\tika-core\1.19.1\tika-core-1.19.1.jar;D:\develop\ApacheMaven\maven-repository\org\aspectj\aspectjrt\1.9.1\aspectjrt-1.9.1.jar;D:\develop\ApacheMaven\maven-repository\org\jooq\joor-java-8\0.9.9\joor-java-8-0.9.9.jar;D:\develop\ApacheMaven\maven-repository\org\slf4j\slf4j-api\1.7.25\slf4j-api-1.7.25.jar;"/>
    <property name="sun.cpu.endian" value="little"/>
    <property name="user.home" value="C:\Users\T560"/>
    <property name="user.language" value="zh"/>
    <property name="java.specification.vendor" value="Oracle Corporation"/>
    <property name="java.home" value="C:\Program Files\Java\jdk1.8.0_66\jre"/>
    <property name="basedir" value="D:\idea-workspace\TestCloud"/>
    <property name="file.separator" value="\"/>
    <property name="line.separator" value="&#10;"/>
    <property name="java.vm.specification.vendor" value="Oracle Corporation"/>
    <property name="java.specification.name" value="Java Platform API Specification"/>
    <property name="java.awt.graphicsenv" value="sun.awt.Win32GraphicsEnvironment"/>
    <property name="surefire.real.class.path" value="C:\Users\T560\AppData\Local\Temp\surefire3224663379481700906\surefirebooter239435083090104064.jar"/>
    <property name="sun.boot.class.path" value="C:\Program Files\Java\jdk1.8.0_66\jre\lib\resources.jar;C:\Program Files\Java\jdk1.8.0_66\jre\lib\rt.jar;C:\Program Files\Java\jdk1.8.0_66\jre\lib\sunrsasign.jar;C:\Program Files\Java\jdk1.8.0_66\jre\lib\jsse.jar;C:\Program Files\Java\jdk1.8.0_66\jre\lib\jce.jar;C:\Program Files\Java\jdk1.8.0_66\jre\lib\charsets.jar;C:\Program Files\Java\jdk1.8.0_66\jre\lib\jfr.jar;C:\Program Files\Java\jdk1.8.0_66\jre\classes"/>
    <property name="user.script" value=""/>
    <property name="sun.management.compiler" value="HotSpot 64-Bit Tiered Compilers"/>
    <property name="java.runtime.version" value="1.8.0_66-b17"/>
    <property name="user.name" value="T560"/>
    <property name="path.separator" value=";"/>
    <property name="os.version" value="10.0"/>
    <property name="java.endorsed.dirs" value="C:\Program Files\Java\jdk1.8.0_66\jre\lib\endorsed"/>
    <property name="java.runtime.name" value="Java(TM) SE Runtime Environment"/>
    <property name="file.encoding" value="GBK"/>
    <property name="java.vm.name" value="Java HotSpot(TM) 64-Bit Server VM"/>
    <property name="localRepository" value="D:\develop\ApacheMaven\maven-repository"/>
    <property name="java.vendor.url.bug" value="http://bugreport.sun.com/bugreport/"/>
    <property name="java.io.tmpdir" value="C:\Users\T560\AppData\Local\Temp\"/>
    <property name="java.version" value="1.8.0_66"/>
    <property name="user.dir" value="D:\idea-workspace\TestCloud"/>
    <property name="os.arch" value="amd64"/>
    <property name="java.vm.specification.name" value="Java Virtual Machine Specification"/>
    <property name="java.awt.printerjob" value="sun.awt.windows.WPrinterJob"/>
    <property name="sun.os.patch.level" value=""/>
    <property name="java.library.path" value="C:\Program Files\Java\jdk1.8.0_66\jre\bin;C:\Windows\Sun\Java\bin;C:\Windows\system32;C:\Windows;D:\develop\Python\Scripts\;D:\develop\Python\;D:\develop\oracle12c\product\12.2.0\dbhome_1\bin;C:\ProgramData\Oracle\Java\javapath;C:\Windows\system32;C:\Windows;C:\Windows\System32\Wbem;C:\Windows\System32\WindowsPowerShell\v1.0\;C:\Windows\System32\OpenSSH\;D:\software\TortoiseSVN\bin;C:\Program Files\Java\jdk1.8.0_66\bin;D:\software\Nodejs\;D:\software\allure-commandline\bin;D:\develop\ApacheMaven\apache-maven-3.6.0\bin;D:\develop\AppData\Local\Android\Sdk\platform-tools;D:\adb_tool;D:\develop\Python;D:\develop\mysql-5.7.22-winx64\bin;D:\develop\TortoiseGit\bin;C:\Users\T560\AppData\Local\Microsoft\WindowsApps;C:\Users\T560\AppData\Roaming\npm;D:\develop\AppData\Local\Android\Sdk\platform-tools;;D:\develop\Fiddler;."/>
    <property name="java.vm.info" value="mixed mode"/>
    <property name="java.vendor" value="Oracle Corporation"/>
    <property name="java.vm.version" value="25.66-b17"/>
    <property name="java.ext.dirs" value="C:\Program Files\Java\jdk1.8.0_66\jre\lib\ext;C:\Windows\Sun\Java\lib\ext"/>
    <property name="sun.io.unicode.encoding" value="UnicodeLittle"/>
    <property name="java.class.version" value="52.0"/>
  </properties>
  <testcase name="testCase001" classname="TestYunDuiJiang.TestCreateAgent" time="52.103">
    <failure message="element not interactable&#10;  (Session info: chrome=74.0.3729.157)&#10;  (Driver info: chromedriver=74.0.3729.6 (255758eccf3d244491b8a1317aa76e1ce10d57e9-refs/branch-heads/3729@{#29}),platform=Windows NT 10.0.17134 x86_64) (WARNING: The server did not provide any stacktrace information)&#10;Command duration or timeout: 0 milliseconds&#10;Build info: version: &apos;3.141.59&apos;, revision: &apos;e82be7d358&apos;, time: &apos;2018-11-14T08:17:03&apos;&#10;System info: host: &apos;DESKTOP-C7NGALP&apos;, ip: &apos;192.168.203.1&apos;, os.name: &apos;Windows 10&apos;, os.arch: &apos;amd64&apos;, os.version: &apos;10.0&apos;, java.version: &apos;1.8.0_66&apos;&#10;Driver info: org.openqa.selenium.chrome.ChromeDriver&#10;Capabilities {acceptInsecureCerts: false, acceptSslCerts: false, applicationCacheEnabled: false, browserConnectionEnabled: false, browserName: chrome, chrome: {chromedriverVersion: 74.0.3729.6 (255758eccf3d24..., userDataDir: C:\Users\T560\AppData\Local...}, cssSelectorsEnabled: true, databaseEnabled: false, goog:chromeOptions: {debuggerAddress: localhost:4313}, handlesAlerts: true, hasTouchScreen: false, javascriptEnabled: true, locationContextEnabled: true, mobileEmulationEnabled: false, nativeEvents: true, networkConnectionEnabled: false, pageLoadStrategy: normal, platform: XP, platformName: XP, proxy: Proxy(), rotatable: false, setWindowRect: true, strictFileInteractability: false, takesHeapSnapshot: true, takesScreenshot: true, timeouts: {implicit: 0, pageLoad: 300000, script: 30000}, unexpectedAlertBehaviour: ignore, unhandledPromptBehavior: ignore, version: 74.0.3729.157, webStorageEnabled: true}&#10;Session ID: 221c6104809a34e71c0e2250be484016" type="org.openqa.selenium.ElementNotInteractableException">org.openqa.selenium.ElementNotInteractableException: 
element not interactable
  (Session info: chrome=74.0.3729.157)
  (Driver info: chromedriver=74.0.3729.6 (255758eccf3d244491b8a1317aa76e1ce10d57e9-refs/branch-heads/3729@{#29}),platform=Windows NT 10.0.17134 x86_64) (WARNING: The server did not provide any stacktrace information)
Command duration or timeout: 0 milliseconds
Build info: version: '3.141.59', revision: 'e82be7d358', time: '2018-11-14T08:17:03'
System info: host: 'DESKTOP-C7NGALP', ip: '192.168.203.1', os.name: 'Windows 10', os.arch: 'amd64', os.version: '10.0', java.version: '1.8.0_66'
Driver info: org.openqa.selenium.chrome.ChromeDriver
Capabilities {acceptInsecureCerts: false, acceptSslCerts: false, applicationCacheEnabled: false, browserConnectionEnabled: false, browserName: chrome, chrome: {chromedriverVersion: 74.0.3729.6 (255758eccf3d24..., userDataDir: C:\Users\T560\AppData\Local...}, cssSelectorsEnabled: true, databaseEnabled: false, goog:chromeOptions: {debuggerAddress: localhost:4313}, handlesAlerts: true, hasTouchScreen: false, javascriptEnabled: true, locationContextEnabled: true, mobileEmulationEnabled: false, nativeEvents: true, networkConnectionEnabled: false, pageLoadStrategy: normal, platform: XP, platformName: XP, proxy: Proxy(), rotatable: false, setWindowRect: true, strictFileInteractability: false, takesHeapSnapshot: true, takesScreenshot: true, timeouts: {implicit: 0, pageLoad: 300000, script: 30000}, unexpectedAlertBehaviour: ignore, unhandledPromptBehavior: ignore, version: 74.0.3729.157, webStorageEnabled: true}
Session ID: 221c6104809a34e71c0e2250be484016
	at TestYunDuiJiang.TestCreateAgent.testCase001(TestCreateAgent.java:78)
</failure>
    <system-out><![CDATA[[TestNGContentHandler] [WARN] It is strongly recommended to add "<!DOCTYPE suite SYSTEM "http://testng.org/testng-1.0.dtd" >" at the top of your file, otherwise TestNG may fail or not work as expected.
]]></system-out>
    <system-err><![CDATA[SLF4J: Failed to load class "org.slf4j.impl.StaticLoggerBinder".
SLF4J: Defaulting to no-operation (NOP) logger implementation
SLF4J: See http://www.slf4j.org/codes.html#StaticLoggerBinder for further details.
Starting ChromeDriver 74.0.3729.6 (255758eccf3d244491b8a1317aa76e1ce10d57e9-refs/branch-heads/3729@{#29}) on port 18027
Only local connections are allowed.
Please protect ports used by ChromeDriver and related test frameworks to prevent access by malicious code.
八月 21, 2019 3:09:44 下午 org.openqa.selenium.remote.ProtocolHandshake createSession
信息: Detected dialect: OSS
]]></system-err>
  </testcase>
</testsuite>